<?xml version="1.0" encoding="UTF-8" ?>
<testsuite failures="0" time="21.522" errors="0" skipped="0" tests="1" name="TestSuite">
  <properties>
    <property name="java.runtime.name" value="Java(TM) SE Runtime Environment"/>
    <property name="sun.boot.library.path" value="E:\Testing\MyEclipse Blue 2014\binary\com.sun.java.jdk7.win32.x86_1.7.0.u45\jre\bin"/>
    <property name="java.vm.version" value="24.45-b08"/>
    <property name="java.vm.vendor" value="Oracle Corporation"/>
    <property name="java.vendor.url" value="http://java.oracle.com/"/>
    <property name="path.separator" value=";"/>
    <property name="java.vm.name" value="Java HotSpot(TM) Client VM"/>
    <property name="file.encoding.pkg" value="sun.io"/>
    <property name="user.script" value=""/>
    <property name="user.country" value="CN"/>
    <property name="sun.java.launcher" value="SUN_STANDARD"/>
    <property name="sun.os.patch.level" value="Service Pack 1"/>
    <property name="java.vm.specification.name" value="Java Virtual Machine Specification"/>
    <property name="user.dir" value="E:\Testing\MavenDemo\Selenium2Test\target"/>
    <property name="java.runtime.version" value="1.7.0_45-b18"/>
    <property name="java.awt.graphicsenv" value="sun.awt.Win32GraphicsEnvironment"/>
    <property name="basedir" value="E:\Testing\MavenDemo\Selenium2Test"/>
    <property name="java.endorsed.dirs" value="E:\Testing\MyEclipse Blue 2014\binary\com.sun.java.jdk7.win32.x86_1.7.0.u45\jre\lib\endorsed"/>
    <property name="os.arch" value="x86"/>
    <property name="surefire.real.class.path" value="C:\Users\Jelly\AppData\Local\Temp\surefirebooter1748940923584601415.jar"/>
    <property name="java.io.tmpdir" value="C:\Users\Jelly\AppData\Local\Temp\"/>
    <property name="line.separator" value="
"/>
    <property name="java.vm.specification.vendor" value="Oracle Corporation"/>
    <property name="user.variant" value=""/>
    <property name="os.name" value="Windows 7"/>
    <property name="sun.jnu.encoding" value="GBK"/>
    <property name="jnidispatch.path" value="C:\Users\Jelly\AppData\Local\Temp\jna-71456702\jna57312155717362336.dll"/>
    <property name="java.library.path" value="E:\Testing\MyEclipse Blue 2014\binary\com.sun.java.jdk7.win32.x86_1.7.0.u45\jre\bin;C:\Windows\Sun\Java\bin;C:\Windows\system32;C:\Windows;E:/Testing/MyEclipse Blue 2014/binary/com.sun.java.jdk7.win32.x86_1.7.0.u45/jre/bin/client;E:/Testing/MyEclipse Blue 2014/binary/com.sun.java.jdk7.win32.x86_1.7.0.u45/jre/bin;E:/Testing/MyEclipse Blue 2014/binary/com.sun.java.jdk7.win32.x86_1.7.0.u45/jre/lib/i386;C:\ProgramData\Oracle\Java\javapath;C:\Python34\;C:\Python34\Scripts;C:\Windows\system32;C:\Windows;C:\Windows\System32\Wbem;C:\Windows\System32\WindowsPowerShell\v1.0\;C:\jdk1.8\bin;C:\Program Files\VisualSVN Server\bin;C:\Program Files\TortoiseSVN\bin;C:\Program Files\nodejs\;C:\Android\android-sdk\platform-tools;C:\Android\android-sdk\tools;C:\Program Files\Appium;C:\strawberry\c\bin;C:\strawberry\perl\bin;C:\apache-jmeter-3.1\bin;C:\Users\Jelly\AppData\Roaming\npm;."/>
    <property name="surefire.test.class.path" value="E:\Testing\MavenDemo\Selenium2Test\target\test-classes;E:\Testing\MavenDemo\Selenium2Test\target\classes;E:\Maven\Repo\org\testng\testng\6.9.10\testng-6.9.10.jar;E:\Maven\Repo\com\beust\jcommander\1.48\jcommander-1.48.jar;E:\Maven\Repo\org\beanshell\bsh\2.0b4\bsh-2.0b4.jar;E:\Maven\Repo\org\uncommons\reportng\1.1.4\reportng-1.1.4.jar;E:\Maven\Repo\velocity\velocity\1.4\velocity-1.4.jar;E:\Maven\Repo\velocity\velocity-dep\1.4\velocity-dep-1.4.jar;E:\Maven\Repo\com\google\inject\guice\3.0\guice-3.0.jar;E:\Maven\Repo\javax\inject\javax.inject\1\javax.inject-1.jar;E:\Maven\Repo\aopalliance\aopalliance\1.0\aopalliance-1.0.jar;E:\Maven\Repo\org\seleniumhq\selenium\selenium-java\2.52.0\selenium-java-2.52.0.jar;E:\Maven\Repo\org\seleniumhq\selenium\selenium-chrome-driver\2.52.0\selenium-chrome-driver-2.52.0.jar;E:\Maven\Repo\org\seleniumhq\selenium\selenium-remote-driver\2.52.0\selenium-remote-driver-2.52.0.jar;E:\Maven\Repo\cglib\cglib-nodep\2.1_3\cglib-nodep-2.1_3.jar;E:\Maven\Repo\com\google\code\gson\gson\2.3.1\gson-2.3.1.jar;E:\Maven\Repo\org\seleniumhq\selenium\selenium-api\2.52.0\selenium-api-2.52.0.jar;E:\Maven\Repo\com\google\guava\guava\19.0\guava-19.0.jar;E:\Maven\Repo\org\seleniumhq\selenium\selenium-edge-driver\2.52.0\selenium-edge-driver-2.52.0.jar;E:\Maven\Repo\commons-io\commons-io\2.4\commons-io-2.4.jar;E:\Maven\Repo\org\apache\commons\commons-exec\1.3\commons-exec-1.3.jar;E:\Maven\Repo\org\seleniumhq\selenium\selenium-htmlunit-driver\2.52.0\selenium-htmlunit-driver-2.52.0.jar;E:\Maven\Repo\net\sourceforge\htmlunit\htmlunit\2.18\htmlunit-2.18.jar;E:\Maven\Repo\xalan\xalan\2.7.2\xalan-2.7.2.jar;E:\Maven\Repo\xalan\serializer\2.7.2\serializer-2.7.2.jar;E:\Maven\Repo\org\apache\commons\commons-lang3\3.4\commons-lang3-3.4.jar;E:\Maven\Repo\org\apache\httpcomponents\httpmime\4.5\httpmime-4.5.jar;E:\Maven\Repo\commons-codec\commons-codec\1.10\commons-codec-1.10.jar;E:\Maven\Repo\net\sourceforge\htmlunit\htmlunit-core-js\2.17\htmlunit-core-js-2.17.jar;E:\Maven\Repo\xerces\xercesImpl\2.11.0\xercesImpl-2.11.0.jar;E:\Maven\Repo\xml-apis\xml-apis\1.4.01\xml-apis-1.4.01.jar;E:\Maven\Repo\net\sourceforge\nekohtml\nekohtml\1.9.22\nekohtml-1.9.22.jar;E:\Maven\Repo\net\sourceforge\cssparser\cssparser\0.9.16\cssparser-0.9.16.jar;E:\Maven\Repo\org\w3c\css\sac\1.3\sac-1.3.jar;E:\Maven\Repo\commons-logging\commons-logging\1.2\commons-logging-1.2.jar;E:\Maven\Repo\org\eclipse\jetty\websocket\websocket-client\9.2.12.v20150709\websocket-client-9.2.12.v20150709.jar;E:\Maven\Repo\org\eclipse\jetty\jetty-util\9.2.12.v20150709\jetty-util-9.2.12.v20150709.jar;E:\Maven\Repo\org\eclipse\jetty\jetty-io\9.2.12.v20150709\jetty-io-9.2.12.v20150709.jar;E:\Maven\Repo\org\eclipse\jetty\websocket\websocket-common\9.2.12.v20150709\websocket-common-9.2.12.v20150709.jar;E:\Maven\Repo\org\eclipse\jetty\websocket\websocket-api\9.2.12.v20150709\websocket-api-9.2.12.v20150709.jar;E:\Maven\Repo\commons-collections\commons-collections\3.2.2\commons-collections-3.2.2.jar;E:\Maven\Repo\org\apache\httpcomponents\httpclient\4.5.1\httpclient-4.5.1.jar;E:\Maven\Repo\org\apache\httpcomponents\httpcore\4.4.3\httpcore-4.4.3.jar;E:\Maven\Repo\org\seleniumhq\selenium\selenium-firefox-driver\2.52.0\selenium-firefox-driver-2.52.0.jar;E:\Maven\Repo\org\seleniumhq\selenium\selenium-ie-driver\2.52.0\selenium-ie-driver-2.52.0.jar;E:\Maven\Repo\net\java\dev\jna\jna\4.1.0\jna-4.1.0.jar;E:\Maven\Repo\net\java\dev\jna\jna-platform\4.1.0\jna-platform-4.1.0.jar;E:\Maven\Repo\org\seleniumhq\selenium\selenium-safari-driver\2.52.0\selenium-safari-driver-2.52.0.jar;E:\Maven\Repo\org\seleniumhq\selenium\selenium-support\2.52.0\selenium-support-2.52.0.jar;E:\Maven\Repo\org\webbitserver\webbit\0.4.14\webbit-0.4.14.jar;E:\Maven\Repo\io\netty\netty\3.5.2.Final\netty-3.5.2.Final.jar;E:\Maven\Repo\org\seleniumhq\selenium\selenium-leg-rc\2.52.0\selenium-leg-rc-2.52.0.jar;E:\Maven\Repo\junit\junit\3.8.1\junit-3.8.1.jar;"/>
    <property name="java.specification.name" value="Java Platform API Specification"/>
    <property name="java.class.version" value="51.0"/>
    <property name="sun.management.compiler" value="HotSpot Client Compiler"/>
    <property name="os.version" value="6.1"/>
    <property name="user.home" value="C:\Users\Jelly"/>
    <property name="user.timezone" value="Asia/Shanghai"/>
    <property name="java.awt.printerjob" value="sun.awt.windows.WPrinterJob"/>
    <property name="java.specification.version" value="1.7"/>
    <property name="file.encoding" value="GBK"/>
    <property name="user.name" value="Jelly"/>
    <property name="java.class.path" value="E:\Testing\MavenDemo\Selenium2Test\target\test-classes;E:\Testing\MavenDemo\Selenium2Test\target\classes;E:\Maven\Repo\org\testng\testng\6.9.10\testng-6.9.10.jar;E:\Maven\Repo\com\beust\jcommander\1.48\jcommander-1.48.jar;E:\Maven\Repo\org\beanshell\bsh\2.0b4\bsh-2.0b4.jar;E:\Maven\Repo\org\uncommons\reportng\1.1.4\reportng-1.1.4.jar;E:\Maven\Repo\velocity\velocity\1.4\velocity-1.4.jar;E:\Maven\Repo\velocity\velocity-dep\1.4\velocity-dep-1.4.jar;E:\Maven\Repo\com\google\inject\guice\3.0\guice-3.0.jar;E:\Maven\Repo\javax\inject\javax.inject\1\javax.inject-1.jar;E:\Maven\Repo\aopalliance\aopalliance\1.0\aopalliance-1.0.jar;E:\Maven\Repo\org\seleniumhq\selenium\selenium-java\2.52.0\selenium-java-2.52.0.jar;E:\Maven\Repo\org\seleniumhq\selenium\selenium-chrome-driver\2.52.0\selenium-chrome-driver-2.52.0.jar;E:\Maven\Repo\org\seleniumhq\selenium\selenium-remote-driver\2.52.0\selenium-remote-driver-2.52.0.jar;E:\Maven\Repo\cglib\cglib-nodep\2.1_3\cglib-nodep-2.1_3.jar;E:\Maven\Repo\com\google\code\gson\gson\2.3.1\gson-2.3.1.jar;E:\Maven\Repo\org\seleniumhq\selenium\selenium-api\2.52.0\selenium-api-2.52.0.jar;E:\Maven\Repo\com\google\guava\guava\19.0\guava-19.0.jar;E:\Maven\Repo\org\seleniumhq\selenium\selenium-edge-driver\2.52.0\selenium-edge-driver-2.52.0.jar;E:\Maven\Repo\commons-io\commons-io\2.4\commons-io-2.4.jar;E:\Maven\Repo\org\apache\commons\commons-exec\1.3\commons-exec-1.3.jar;E:\Maven\Repo\org\seleniumhq\selenium\selenium-htmlunit-driver\2.52.0\selenium-htmlunit-driver-2.52.0.jar;E:\Maven\Repo\net\sourceforge\htmlunit\htmlunit\2.18\htmlunit-2.18.jar;E:\Maven\Repo\xalan\xalan\2.7.2\xalan-2.7.2.jar;E:\Maven\Repo\xalan\serializer\2.7.2\serializer-2.7.2.jar;E:\Maven\Repo\org\apache\commons\commons-lang3\3.4\commons-lang3-3.4.jar;E:\Maven\Repo\org\apache\httpcomponents\httpmime\4.5\httpmime-4.5.jar;E:\Maven\Repo\commons-codec\commons-codec\1.10\commons-codec-1.10.jar;E:\Maven\Repo\net\sourceforge\htmlunit\htmlunit-core-js\2.17\htmlunit-core-js-2.17.jar;E:\Maven\Repo\xerces\xercesImpl\2.11.0\xercesImpl-2.11.0.jar;E:\Maven\Repo\xml-apis\xml-apis\1.4.01\xml-apis-1.4.01.jar;E:\Maven\Repo\net\sourceforge\nekohtml\nekohtml\1.9.22\nekohtml-1.9.22.jar;E:\Maven\Repo\net\sourceforge\cssparser\cssparser\0.9.16\cssparser-0.9.16.jar;E:\Maven\Repo\org\w3c\css\sac\1.3\sac-1.3.jar;E:\Maven\Repo\commons-logging\commons-logging\1.2\commons-logging-1.2.jar;E:\Maven\Repo\org\eclipse\jetty\websocket\websocket-client\9.2.12.v20150709\websocket-client-9.2.12.v20150709.jar;E:\Maven\Repo\org\eclipse\jetty\jetty-util\9.2.12.v20150709\jetty-util-9.2.12.v20150709.jar;E:\Maven\Repo\org\eclipse\jetty\jetty-io\9.2.12.v20150709\jetty-io-9.2.12.v20150709.jar;E:\Maven\Repo\org\eclipse\jetty\websocket\websocket-common\9.2.12.v20150709\websocket-common-9.2.12.v20150709.jar;E:\Maven\Repo\org\eclipse\jetty\websocket\websocket-api\9.2.12.v20150709\websocket-api-9.2.12.v20150709.jar;E:\Maven\Repo\commons-collections\commons-collections\3.2.2\commons-collections-3.2.2.jar;E:\Maven\Repo\org\apache\httpcomponents\httpclient\4.5.1\httpclient-4.5.1.jar;E:\Maven\Repo\org\apache\httpcomponents\httpcore\4.4.3\httpcore-4.4.3.jar;E:\Maven\Repo\org\seleniumhq\selenium\selenium-firefox-driver\2.52.0\selenium-firefox-driver-2.52.0.jar;E:\Maven\Repo\org\seleniumhq\selenium\selenium-ie-driver\2.52.0\selenium-ie-driver-2.52.0.jar;E:\Maven\Repo\net\java\dev\jna\jna\4.1.0\jna-4.1.0.jar;E:\Maven\Repo\net\java\dev\jna\jna-platform\4.1.0\jna-platform-4.1.0.jar;E:\Maven\Repo\org\seleniumhq\selenium\selenium-safari-driver\2.52.0\selenium-safari-driver-2.52.0.jar;E:\Maven\Repo\org\seleniumhq\selenium\selenium-support\2.52.0\selenium-support-2.52.0.jar;E:\Maven\Repo\org\webbitserver\webbit\0.4.14\webbit-0.4.14.jar;E:\Maven\Repo\io\netty\netty\3.5.2.Final\netty-3.5.2.Final.jar;E:\Maven\Repo\org\seleniumhq\selenium\selenium-leg-rc\2.52.0\selenium-leg-rc-2.52.0.jar;E:\Maven\Repo\junit\junit\3.8.1\junit-3.8.1.jar;"/>
    <property name="java.vm.specification.version" value="1.7"/>
    <property name="sun.arch.data.model" value="32"/>
    <property name="java.home" value="E:\Testing\MyEclipse Blue 2014\binary\com.sun.java.jdk7.win32.x86_1.7.0.u45\jre"/>
    <property name="sun.java.command" value="C:\Users\Jelly\AppData\Local\Temp\surefirebooter1748940923584601415.jar C:\Users\Jelly\AppData\Local\Temp\surefire5963710171638552518tmp C:\Users\Jelly\AppData\Local\Temp\surefire375362609401683566tmp"/>
    <property name="java.specification.vendor" value="Oracle Corporation"/>
    <property name="user.language" value="zh"/>
    <property name="awt.toolkit" value="sun.awt.windows.WToolkit"/>
    <property name="java.vm.info" value="mixed mode"/>
    <property name="java.version" value="1.7.0_45"/>
    <property name="java.ext.dirs" value="E:\Testing\MyEclipse Blue 2014\binary\com.sun.java.jdk7.win32.x86_1.7.0.u45\jre\lib\ext;C:\Windows\Sun\Java\lib\ext"/>
    <property name="sun.boot.class.path" value="E:\Testing\MyEclipse Blue 2014\binary\com.sun.java.jdk7.win32.x86_1.7.0.u45\jre\lib\resources.jar;E:\Testing\MyEclipse Blue 2014\binary\com.sun.java.jdk7.win32.x86_1.7.0.u45\jre\lib\rt.jar;E:\Testing\MyEclipse Blue 2014\binary\com.sun.java.jdk7.win32.x86_1.7.0.u45\jre\lib\sunrsasign.jar;E:\Testing\MyEclipse Blue 2014\binary\com.sun.java.jdk7.win32.x86_1.7.0.u45\jre\lib\jsse.jar;E:\Testing\MyEclipse Blue 2014\binary\com.sun.java.jdk7.win32.x86_1.7.0.u45\jre\lib\jce.jar;E:\Testing\MyEclipse Blue 2014\binary\com.sun.java.jdk7.win32.x86_1.7.0.u45\jre\lib\charsets.jar;E:\Testing\MyEclipse Blue 2014\binary\com.sun.java.jdk7.win32.x86_1.7.0.u45\jre\lib\jfr.jar;E:\Testing\MyEclipse Blue 2014\binary\com.sun.java.jdk7.win32.x86_1.7.0.u45\jre\classes"/>
    <property name="java.vendor" value="Oracle Corporation"/>
    <property name="localRepository" value="E:\Maven\Repo"/>
    <property name="file.separator" value="\"/>
    <property name="java.vendor.url.bug" value="http://bugreport.sun.com/bugreport/"/>
    <property name="sun.cpu.endian" value="little"/>
    <property name="sun.io.unicode.encoding" value="UnicodeLittle"/>
    <property name="sun.desktop" value="windows"/>
    <property name="sun.cpu.isalist" value="pentium_pro+mmx pentium_pro pentium+mmx pentium i486 i386 i86"/>
  </properties>
  <testcase time="19.977" classname="com.baidu.test.Baidu" name="BaiduTest"/>
</testsuite>