<?xml version="1.0" encoding="UTF-8"?>
<!-- Generated by org.testng.reporters.JUnitReportReporter -->
<testsuite hostname="Jelly-PC" name="com.baidu.test.Baidu" tests="1" failures="0" timestamp="2 Feb 2017 06:47:57 GMT" time="32.667" errors="0">
  <testcase name="BaiduTest" time="32.667" classname="com.baidu.test.Baidu"/>
</testsuite> <!-- com.baidu.test.Baidu -->
